This is pdfTeX, Version 3.14159265-2.6-1.40.21 (MiKTeX 2.9.7380 64-bit) (preloaded format=pdflatex 2020.3.29)  1 JUN 2020 14:42
entering extended mode
**./report_aj.tex
(report_aj.tex
LaTeX2e <2020-02-02> patch level 5
L3 programming layer <2020-03-06>
("C:\Users\gokul\AppData\Local\Programs\MiKTeX 2.9\tex/latex/base\report.cls"
Document Class: report 2019/12/20 v1.4l Standard LaTeX document class
("C:\Users\gokul\AppData\Local\Programs\MiKTeX 2.9\tex/latex/base\size12.clo"
File: size12.clo 2019/12/20 v1.4l Standard LaTeX file (size option)
)
\c@part=\count167
\c@chapter=\count168
\c@section=\count169
\c@subsection=\count170
\c@subsubsection=\count171
\c@paragraph=\count172
\c@subparagraph=\count173
\c@figure=\count174
\c@table=\count175
\abovecaptionskip=\skip47
\belowcaptionskip=\skip48
\bibindent=\dimen134
)
("C:\Users\gokul\AppData\Local\Programs\MiKTeX 2.9\tex/latex/graphics\epsfig.st
y"
Package: epsfig 2017/06/25 v1.7b (e)psfig emulation (SPQR)

("C:\Users\gokul\AppData\Local\Programs\MiKTeX 2.9\tex/latex/graphics\graphicx.
sty"
Package: graphicx 2019/11/30 v1.2a Enhanced LaTeX Graphics (DPC,SPQR)

("C:\Users\gokul\AppData\Local\Programs\MiKTeX 2.9\tex/latex/graphics\keyval.st
y"
Package: keyval 2014/10/28 v1.15 key=value parser (DPC)
\KV@toks@=\toks15
)
("C:\Users\gokul\AppData\Local\Programs\MiKTeX 2.9\tex/latex/graphics\graphics.
sty"
Package: graphics 2019/11/30 v1.4a Standard LaTeX Graphics (DPC,SPQR)

("C:\Users\gokul\AppData\Local\Programs\MiKTeX 2.9\tex/latex/graphics\trig.sty"
Package: trig 2016/01/03 v1.10 sin cos tan (DPC)
)
("C:\Users\gokul\AppData\Local\Programs\MiKTeX 2.9\tex/latex/graphics-cfg\graph
ics.cfg"
File: graphics.cfg 2016/06/04 v1.11 sample graphics configuration
)
Package graphics Info: Driver file: pdftex.def on input line 105.

("C:\Users\gokul\AppData\Local\Programs\MiKTeX 2.9\tex/latex/graphics-def\pdfte
x.def"
File: pdftex.def 2018/01/08 v1.0l Graphics/color driver for pdftex
))
\Gin@req@height=\dimen135
\Gin@req@width=\dimen136
)
\epsfxsize=\dimen137
\epsfysize=\dimen138
)
("C:\Users\gokul\AppData\Local\Programs\MiKTeX 2.9\tex/latex/tools\longtable.st
y"
Package: longtable 2020/01/07 v4.13 Multi-page Table package (DPC)
\LTleft=\skip49
\LTright=\skip50
\LTpre=\skip51
\LTpost=\skip52
\LTchunksize=\count176
\LTcapwidth=\dimen139
\LT@head=\box45
\LT@firsthead=\box46
\LT@foot=\box47
\LT@lastfoot=\box48
\LT@cols=\count177
\LT@rows=\count178
\c@LT@tables=\count179
\c@LT@chunks=\count180
\LT@p@ftn=\toks16
)
("C:\Users\gokul\AppData\Local\Programs\MiKTeX 2.9\tex/latex/tools\enumerate.st
y"
Package: enumerate 2015/07/23 v3.00 enumerate extensions (DPC)
\@enLab=\toks17
)
("C:\Users\gokul\AppData\Local\Programs\MiKTeX 2.9\tex/latex/tools\afterpage.st
y"
Package: afterpage 2014/10/28 v1.08 After-Page Package (DPC)
\AP@output=\toks18
\AP@partial=\box49
\AP@footins=\box50
)
("C:\Users\gokul\AppData\Local\Programs\MiKTeX 2.9\tex/latex/multirow\multirow.
sty"
Package: multirow 2019/05/31 v2.5 Span multiple rows of a table
\multirow@colwidth=\skip53
\multirow@cntb=\count181
\multirow@dima=\skip54
\bigstrutjot=\dimen140
)
("C:\Users\gokul\AppData\Local\Programs\MiKTeX 2.9\tex/latex/amsmath\amsmath.st
y"
Package: amsmath 2020/01/20 v2.17e AMS math features
\@mathmargin=\skip55

For additional information on amsmath, use the `?' option.

("C:\Users\gokul\AppData\Local\Programs\MiKTeX 2.9\tex/latex/amsmath\amstext.st
y"
Package: amstext 2000/06/29 v2.01 AMS text

("C:\Users\gokul\AppData\Local\Programs\MiKTeX 2.9\tex/latex/amsmath\amsgen.sty
"
File: amsgen.sty 1999/11/30 v2.0 generic functions
\@emptytoks=\toks19
\ex@=\dimen141
))
("C:\Users\gokul\AppData\Local\Programs\MiKTeX 2.9\tex/latex/amsmath\amsbsy.sty
"
Package: amsbsy 1999/11/29 v1.2d Bold Symbols
\pmbraise@=\dimen142
)
("C:\Users\gokul\AppData\Local\Programs\MiKTeX 2.9\tex/latex/amsmath\amsopn.sty
"
Package: amsopn 2016/03/08 v2.02 operator names
)
\inf@bad=\count182
LaTeX Info: Redefining \frac on input line 227.
\uproot@=\count183
\leftroot@=\count184
LaTeX Info: Redefining \overline on input line 389.
\classnum@=\count185
\DOTSCASE@=\count186
LaTeX Info: Redefining \ldots on input line 486.
LaTeX Info: Redefining \dots on input line 489.
LaTeX Info: Redefining \cdots on input line 610.
\Mathstrutbox@=\box51
\strutbox@=\box52
\big@size=\dimen143
LaTeX Font Info:    Redeclaring font encoding OML on input line 733.
LaTeX Font Info:    Redeclaring font encoding OMS on input line 734.
\macc@depth=\count187
\c@MaxMatrixCols=\count188
\dotsspace@=\muskip16
\c@parentequation=\count189
\dspbrk@lvl=\count190
\tag@help=\toks20
\row@=\count191
\column@=\count192
\maxfields@=\count193
\andhelp@=\toks21
\eqnshift@=\dimen144
\alignsep@=\dimen145
\tagshift@=\dimen146
\tagwidth@=\dimen147
\totwidth@=\dimen148
\lineht@=\dimen149
\@envbody=\toks22
\multlinegap=\skip56
\multlinetaggap=\skip57
\mathdisplay@stack=\toks23
LaTeX Info: Redefining \[ on input line 2859.
LaTeX Info: Redefining \] on input line 2860.
)
("C:\Users\gokul\AppData\Local\Programs\MiKTeX 2.9\tex/latex/amsfonts\amsfonts.
sty"
Package: amsfonts 2013/01/14 v3.01 Basic AMSFonts support
\symAMSa=\mathgroup4
\symAMSb=\mathgroup5
LaTeX Font Info:    Redeclaring math symbol \hbar on input line 98.
LaTeX Font Info:    Overwriting math alphabet `\mathfrak' in version `bold'
(Font)                  U/euf/m/n --> U/euf/b/n on input line 106.
)
("C:\Users\gokul\AppData\Local\Programs\MiKTeX 2.9\tex/latex/geometry\geometry.
sty"
Package: geometry 2020/01/02 v5.9 Page Geometry

("C:\Users\gokul\AppData\Local\Programs\MiKTeX 2.9\tex/generic/iftex\ifvtex.sty
"
Package: ifvtex 2019/10/25 v1.7 ifvtex legacy package. Use iftex instead.
 ("C:\Users\gokul\AppData\Local\Programs\MiKTeX 2.9\tex/generic/iftex\iftex.sty
"
Package: iftex 2020/03/06 v1.0d TeX engine tests
))
\Gm@cnth=\count194
\Gm@cntv=\count195
\c@Gm@tempcnt=\count196
\Gm@bindingoffset=\dimen150
\Gm@wd@mp=\dimen151
\Gm@odd@mp=\dimen152
\Gm@even@mp=\dimen153
\Gm@layoutwidth=\dimen154
\Gm@layoutheight=\dimen155
\Gm@layouthoffset=\dimen156
\Gm@layoutvoffset=\dimen157
\Gm@dimlist=\toks24

("C:\Users\gokul\AppData\Local\Programs\MiKTeX 2.9\tex/latex/geometry\geometry.
cfg"))
("C:\Users\gokul\AppData\Local\Programs\MiKTeX 2.9\tex/latex/setspace\setspace.
sty"
Package: setspace 2011/12/19 v6.7a set line spacing
)
("C:\Users\gokul\AppData\Local\Programs\MiKTeX 2.9\tex/latex/booktabs\booktabs.
sty"
Package: booktabs 2020/01/12 v1.61803398 Publication quality tables
\heavyrulewidth=\dimen158
\lightrulewidth=\dimen159
\cmidrulewidth=\dimen160
\belowrulesep=\dimen161
\belowbottomsep=\dimen162
\aboverulesep=\dimen163
\abovetopsep=\dimen164
\cmidrulesep=\dimen165
\cmidrulekern=\dimen166
\defaultaddspace=\dimen167
\@cmidla=\count197
\@cmidlb=\count198
\@aboverulesep=\dimen168
\@belowrulesep=\dimen169
\@thisruleclass=\count199
\@lastruleclass=\count266
\@thisrulewidth=\dimen170
)
("C:\Users\gokul\AppData\Local\Programs\MiKTeX 2.9\tex/latex/graphics\lscape.st
y"
Package: lscape 2000/10/22 v3.01 Landscape Pages (DPC)
) ("C:\Users\gokul\AppData\Local\Programs\MiKTeX 2.9\tex/latex/cite\cite.sty"
LaTeX Info: Redefining \cite on input line 302.
LaTeX Info: Redefining \nocite on input line 332.
Package: cite 2015/02/27  v 5.5
)
("C:\Users\gokul\AppData\Local\Programs\MiKTeX 2.9\tex/latex/l3backend\l3backen
d-pdfmode.def"
File: l3backend-pdfmode.def 2020-03-12 L3 backend support: PDF mode
\l__kernel_color_stack_int=\count267
\l__pdf_internal_box=\box53
) (report_aj.aux

LaTeX Warning: Label `fig:my_label' multiply defined.


LaTeX Warning: Label `fig:my_label' multiply defined.


LaTeX Warning: Label `fig:my_label' multiply defined.


LaTeX Warning: Label `fig:my_label' multiply defined.

)
\openout1 = `report_aj.aux'.

LaTeX Font Info:    Checking defaults for OML/cmm/m/it on input line 32.
LaTeX Font Info:    ... okay on input line 32.
LaTeX Font Info:    Checking defaults for OMS/cmsy/m/n on input line 32.
LaTeX Font Info:    ... okay on input line 32.
LaTeX Font Info:    Checking defaults for OT1/cmr/m/n on input line 32.
LaTeX Font Info:    ... okay on input line 32.
LaTeX Font Info:    Checking defaults for T1/cmr/m/n on input line 32.
LaTeX Font Info:    ... okay on input line 32.
LaTeX Font Info:    Checking defaults for TS1/cmr/m/n on input line 32.
LaTeX Font Info:    ... okay on input line 32.
LaTeX Font Info:    Checking defaults for OMX/cmex/m/n on input line 32.
LaTeX Font Info:    ... okay on input line 32.
LaTeX Font Info:    Checking defaults for U/cmr/m/n on input line 32.
LaTeX Font Info:    ... okay on input line 32.

("C:\Users\gokul\AppData\Local\Programs\MiKTeX 2.9\tex/context/base/mkii\supp-p
df.mkii"
[Loading MPS to PDF converter (version 2006.09.02).]
\scratchcounter=\count268
\scratchdimen=\dimen171
\scratchbox=\box54
\nofMPsegments=\count269
\nofMParguments=\count270
\everyMPshowfont=\toks25
\MPscratchCnt=\count271
\MPscratchDim=\dimen172
\MPnumerator=\count272
\makeMPintoPDFobject=\count273
\everyMPtoPDFconversion=\toks26
)
("C:\Users\gokul\AppData\Local\Programs\MiKTeX 2.9\tex/latex/epstopdf-pkg\epsto
pdf-base.sty"
Package: epstopdf-base 2020-01-24 v2.11 Base part for package epstopdf
Package epstopdf-base Info: Redefining graphics rule for `.eps' on input line 4
85.
)
*geometry* driver: auto-detecting
*geometry* detected driver: pdftex
*geometry* verbose mode - [ preamble ] result:
* driver: pdftex
* paper: a4paper
* layout: <same size as paper>
* layoutoffset:(h,v)=(0.0pt,0.0pt)
* modes: 
* h-part:(L,W,R)=(99.58464pt, 412.56497pt, 85.35826pt)
* v-part:(T,H,B)=(42.67912pt, 688.5567pt, 113.81102pt)
* \paperwidth=597.50787pt
* \paperheight=845.04684pt
* \textwidth=412.56497pt
* \textheight=688.5567pt
* \oddsidemargin=27.31465pt
* \evensidemargin=27.31465pt
* \topmargin=-66.59087pt
* \headheight=12.0pt
* \headsep=25.0pt
* \topskip=12.0pt
* \footskip=30.0pt
* \marginparwidth=35.0pt
* \marginparsep=10.0pt
* \columnsep=10.0pt
* \skip\footins=10.8pt plus 4.0pt minus 2.0pt
* \hoffset=0.0pt
* \voffset=0.0pt
* \mag=1000
* \@twocolumnfalse
* \@twosidefalse
* \@mparswitchfalse
* \@reversemarginfalse
* (1in=72.27pt=25.4mm, 1cm=28.453pt)

<ccc/cet_emblem.pdf, id=1, 119.44624pt x 149.55875pt>
File: ccc/cet_emblem.pdf Graphic file (type pdf)
<use ccc/cet_emblem.pdf>
Package pdftex.def Info: ccc/cet_emblem.pdf  used on input line 80.
(pdftex.def)             Requested size: 119.44594pt x 149.55838pt.
! Missing } inserted.
<inserted text> 
                }
l.89 \end{center}
                 
I've inserted something that you may have forgotten.
(See the <inserted text> above.)
With luck, this will get me unwedged. But if you
really didn't forget anything, try typing `2' now; then
my insertion and my current dilemma will both disappear.

[1

{C:/Users/gokul/AppData/Local/MiKTeX/2.9/pdftex/config/pdftex.map} <./ccc/cet_e
mblem.pdf>]
File: ccc/cet_emblem.pdf Graphic file (type pdf)
<use ccc/cet_emblem.pdf>
Package pdftex.def Info: ccc/cet_emblem.pdf  used on input line 108.
(pdftex.def)             Requested size: 71.66829pt x 89.73593pt.
LaTeX Font Info:    Trying to load font information for U+msa on input line 118
.

("C:\Users\gokul\AppData\Local\Programs\MiKTeX 2.9\tex/latex/amsfonts\umsa.fd"
File: umsa.fd 2013/01/14 v3.01 AMS symbols A
)
LaTeX Font Info:    Trying to load font information for U+msb on input line 118
.
("C:\Users\gokul\AppData\Local\Programs\MiKTeX 2.9\tex/latex/amsfonts\umsb.fd"
File: umsb.fd 2013/01/14 v3.01 AMS symbols B
)
Overfull \hbox (21.77357pt too wide) in paragraph at lines 118--125
 [] 
 []


Overfull \hbox (21.77357pt too wide) in paragraph at lines 129--135
 [][] 
 []

[1] [2] [3] (report_aj.toc [4

])
\tf@toc=\write3
\openout3 = `report_aj.toc'.

 [5] (report_aj.lof)
\tf@lof=\write4
\openout4 = `report_aj.lof'.

 [6


] (report_aj.lot)
\tf@lot=\write5
\openout5 = `report_aj.lot'.


[7


]
Chapter 1.
[1


]

LaTeX Warning: Citation `Martinoli2012SpringerPreface' on page 2 undefined on i
nput line 209.

[2] [3]
Chapter 2.
[4

]
Chapter 3.
[5

]

LaTeX Warning: File `img/systemdescrip.png' not found on input line 287.


! Package pdftex.def Error: File `img/systemdescrip.png' not found: using draft
 setting.

See the pdftex.def package documentation for explanation.
Type  H <return>  for immediate help.
 ...                                              
                                                  
l.287 ...raphics[scale=0.7]{img/systemdescrip.png}
                                                  
Try typing  <return>  to proceed.
If that doesn't work, type  X <return>  to quit.

[6]
Chapter 4.
[7

]
<gripper_images/Create_URDF.jpeg, id=60, 1284.8pt x 722.7pt>
File: gripper_images/Create_URDF.jpeg Graphic file (type jpg)
<use gripper_images/Create_URDF.jpeg>
Package pdftex.def Info: gripper_images/Create_URDF.jpeg  used on input line 35
2.
(pdftex.def)             Requested size: 385.44298pt x 216.81166pt.

Underfull \hbox (badness 10000) in paragraph at lines 331--364

 []

[8] [9] [10 <./gripper_images/Create_URDF.jpeg>] [11]
<gripper_images/setup_asst_startup.png, id=75, 1927.2pt x 1084.05pt>
File: gripper_images/setup_asst_startup.png Graphic file (type png)
<use gripper_images/setup_asst_startup.png>
Package pdftex.def Info: gripper_images/setup_asst_startup.png  used on input l
ine 381.
(pdftex.def)             Requested size: 385.43318pt x 216.80615pt.
<gripper_images/Virtual_joints.png, id=77, 1927.2pt x 1084.05pt>
File: gripper_images/Virtual_joints.png Graphic file (type png)
<use gripper_images/Virtual_joints.png>
Package pdftex.def Info: gripper_images/Virtual_joints.png  used on input line 
390.
(pdftex.def)             Requested size: 385.43318pt x 216.80615pt.
<gripper_images/planning_groups.png, id=78, 1927.2pt x 1084.05pt>
File: gripper_images/planning_groups.png Graphic file (type png)
<use gripper_images/planning_groups.png>
Package pdftex.def Info: gripper_images/planning_groups.png  used on input line
 399.
(pdftex.def)             Requested size: 385.43318pt x 216.80615pt.
<gripper_images/planning_gp_joint.png, id=79, 1927.2pt x 1084.05pt>
File: gripper_images/planning_gp_joint.png Graphic file (type png)
<use gripper_images/planning_gp_joint.png>
Package pdftex.def Info: gripper_images/planning_gp_joint.png  used on input li
ne 406.
(pdftex.def)             Requested size: 385.43318pt x 216.80615pt.
 [12 <./gripper_images/setup_asst_startup.png>] [13 <./gripper_images/Virtual_j
oints.png> <./gripper_images/planning_groups.png>] [14 <./gripper_images/planni
ng_gp_joint.png>]
<gripper_images/planning_in_RViz.png, id=93, 1927.2pt x 1084.05pt>
File: gripper_images/planning_in_RViz.png Graphic file (type png)
<use gripper_images/planning_in_RViz.png>
Package pdftex.def Info: gripper_images/planning_in_RViz.png  used on input lin
e 446.
(pdftex.def)             Requested size: 385.43318pt x 216.80615pt.
 [15 <./gripper_images/planning_in_RViz.png>]
Overfull \hbox (32.1224pt too wide) in paragraph at lines 457--458
[]\OT1/cmr/m/n/12 To launch the ex-ist-ing sim-u-la-tion model, add \OT1/cmr/bx
/n/12 world.launch \OT1/cmr/m/n/12 and \OT1/cmr/bx/n/12 bringup.launch
 []

<gripper_images/gripper_gazebo.png, id=98, 1927.2pt x 1084.05pt>
File: gripper_images/gripper_gazebo.png Graphic file (type png)
<use gripper_images/gripper_gazebo.png>
Package pdftex.def Info: gripper_images/gripper_gazebo.png  used on input line 
474.
(pdftex.def)             Requested size: 385.43318pt x 216.80615pt.

LaTeX Warning: `!h' float specifier changed to `!ht'.

<gripper_images/corresp_execution_in_gazebo.png, id=99, 1927.2pt x 1084.05pt>
File: gripper_images/corresp_execution_in_gazebo.png Graphic file (type png)
<use gripper_images/corresp_execution_in_gazebo.png>
Package pdftex.def Info: gripper_images/corresp_execution_in_gazebo.png  used o
n input line 483.
(pdftex.def)             Requested size: 385.43318pt x 216.80615pt.

LaTeX Warning: `!h' float specifier changed to `!ht'.

[16] [17 <./gripper_images/gripper_gazebo.png> <./gripper_images/corresp_execut
ion_in_gazebo.png>]
Chapter 5.
[18

]
Chapter 6.
[19

]
Chapter 7.
[20

] (report_aj.aux)

LaTeX Warning: There were undefined references.


LaTeX Warning: There were multiply-defined labels.

 ) 
Here is how much of TeX's memory you used:
 2937 strings out of 480932
 43487 string characters out of 2899905
 291595 words of memory out of 3000000
 18732 multiletter control sequences out of 15000+200000
 542188 words of font info for 59 fonts, out of 3000000 for 9000
 1141 hyphenation exceptions out of 8191
 38i,8n,29p,697b,327s stack positions out of 5000i,500n,10000p,200000b,50000s
 <C:\Users\gokul\AppData\Local\MiKTeX\2.9\fonts/pk/ljfour/jknappen/ec/dpi600\
tcrm1200.pk><C:/Users/gokul/AppData/Local/Programs/MiKTeX 2.9/fonts/type1/publi
c/amsfonts/cm/cmbx10.pfb><C:/Users/gokul/AppData/Local/Programs/MiKTeX 2.9/font
s/type1/public/amsfonts/cm/cmbx12.pfb><C:/Users/gokul/AppData/Local/Programs/Mi
KTeX 2.9/fonts/type1/public/amsfonts/cm/cmbxti10.pfb><C:/Users/gokul/AppData/Lo
cal/Programs/MiKTeX 2.9/fonts/type1/public/amsfonts/cm/cmr12.pfb><C:/Users/goku
l/AppData/Local/Programs/MiKTeX 2.9/fonts/type1/public/amsfonts/cm/cmsy10.pfb><
C:/Users/gokul/AppData/Local/Programs/MiKTeX 2.9/fonts/type1/public/amsfonts/cm
/cmti12.pfb><C:/Users/gokul/AppData/Local/Programs/MiKTeX 2.9/fonts/type1/publi
c/amsfonts/cm/cmtt12.pfb>
Output written on report_aj.pdf (28 pages, 1532684 bytes).
PDF statistics:
 146 PDF objects out of 1000 (max. 8388607)
 0 named destinations out of 1000 (max. 500000)
 46 words of extra memory for PDF output out of 10000 (max. 10000000)

